2022-11-28 17:10:12,044 - __main__ - INFO - Token value: Token not available!
2022-11-28 17:10:13,226 - __main__ - INFO - Weather in Berlin: 3.46
2022-11-28 20:39:17,829 - __main__ - INFO - Token value: 1234
2022-11-28 20:39:18,112 - __main__ - INFO - Weather in Berlin: 3.5
2022-11-28 20:47:14,253 - __main__ - INFO - Token value: 1234
2022-11-28 20:47:14,445 - __main__ - INFO - Weather in Berlin: 3.5
2022-11-28 20:54:38,891 - __main__ - INFO - Token value: 1234
2022-11-28 20:54:39,101 - __main__ - INFO - Weather in Berlin: 3.5
2022-11-28 21:09:59,947 - __main__ - INFO - Token value: 1234
2022-11-28 21:10:00,637 - __main__ - INFO - Weather in Berlin: 3.5
2022-11-28 21:24:58,867 - __main__ - INFO - Token value: 1234
2022-11-28 21:24:59,098 - __main__ - INFO - Weather in Berlin: 3.5
2022-11-28 21:34:56,338 - __main__ - INFO - Token value: 1234
2022-11-28 21:34:56,819 - __main__ - INFO - Weather in Berlin: 3.5
2022-11-28 21:43:51,198 - __main__ - INFO - Token value: 1234
2022-11-28 21:43:51,875 - __main__ - INFO - Weather in Berlin: 3.38
2022-11-28 21:53:27,552 - __main__ - INFO - Token value: 1234
2022-11-28 21:53:27,959 - __main__ - INFO - Weather in Berlin: 3.38
2022-11-29 07:10:01,368 - __main__ - INFO - Token value: 1234
2022-11-29 07:10:01,683 - __main__ - INFO - Weather in Berlin: 3.18
2022-11-29 07:25:13,096 - __main__ - INFO - Token value: 1234
2022-11-29 07:25:13,704 - __main__ - INFO - Weather in Berlin: 3.12
2022-11-29 07:34:03,296 - __main__ - INFO - Token value: 1234
2022-11-29 07:34:03,483 - __main__ - INFO - Weather in Berlin: 3.15
2022-11-29 07:43:42,542 - __main__ - INFO - Token value: 1234
2022-11-29 07:43:43,452 - __main__ - INFO - Weather in Berlin: 3.15
2022-11-29 07:53:19,297 - __main__ - INFO - Token value: 1234
2022-11-29 07:53:19,439 - __main__ - INFO - Weather in Berlin: 3.15
2022-11-29 08:14:29,507 - __main__ - INFO - Token value: 1234
2022-11-29 08:14:30,095 - __main__ - INFO - Weather in Berlin: 3.15
2022-11-29 08:36:49,428 - __main__ - INFO - Token value: 1234
2022-11-29 08:36:49,600 - __main__ - INFO - Weather in Berlin: 3.09
2022-11-29 08:47:45,497 - __main__ - INFO - Token value: 1234
2022-11-29 08:47:45,986 - __main__ - INFO - Weather in Berlin: 3.49
2022-11-29 08:55:23,133 - __main__ - INFO - Token value: 1234
2022-11-29 08:55:23,706 - __main__ - INFO - Weather in Berlin: 3.52
2022-11-29 09:10:51,792 - __main__ - INFO - Token value: 1234
2022-11-29 09:10:51,983 - __main__ - INFO - Weather in Berlin: 3.52
2022-11-29 09:29:45,960 - __main__ - INFO - Token value: 1234
2022-11-29 09:29:46,114 - __main__ - INFO - Weather in Berlin: 3.52
2022-11-29 09:39:36,957 - __main__ - INFO - Token value: 1234
2022-11-29 09:39:37,159 - __main__ - INFO - Weather in Berlin: 3.52
2022-11-29 09:47:24,338 - __main__ - INFO - Token value: 1234
2022-11-29 09:47:24,917 - __main__ - INFO - Weather in Berlin: 3.52
2022-11-29 09:55:09,621 - __main__ - INFO - Token value: 1234
2022-11-29 09:55:10,372 - __main__ - INFO - Weather in Berlin: 4.12
2022-11-29 10:11:21,663 - __main__ - INFO - Token value: 1234
2022-11-29 10:11:21,799 - __main__ - INFO - Weather in Berlin: 4.12
2022-11-29 10:33:24,842 - __main__ - INFO - Token value: 1234
2022-11-29 10:33:25,022 - __main__ - INFO - Weather in Berlin: 4.12
2022-11-29 10:45:38,740 - __main__ - INFO - Token value: 1234
2022-11-29 10:45:39,335 - __main__ - INFO - Weather in Berlin: 4.54
2022-11-29 10:53:39,013 - __main__ - INFO - Token value: 1234
2022-11-29 10:53:39,445 - __main__ - INFO - Weather in Berlin: 4.54
2022-11-29 11:09:17,860 - __main__ - INFO - Token value: 1234
2022-11-29 11:09:18,003 - __main__ - INFO - Weather in Berlin: 4.54
2022-11-29 11:23:24,890 - __main__ - INFO - Token value: 1234
2022-11-29 11:23:25,063 - __main__ - INFO - Weather in Berlin: 4.54
2022-11-29 11:34:26,367 - __main__ - INFO - Token value: 1234
2022-11-29 11:34:27,082 - __main__ - INFO - Weather in Berlin: 4.54
2022-11-29 11:43:37,535 - __main__ - INFO - Token value: 1234
2022-11-29 11:43:38,174 - __main__ - INFO - Weather in Berlin: 4.54
2022-11-29 11:53:31,774 - __main__ - INFO - Token value: 1234
2022-11-29 11:53:32,087 - __main__ - INFO - Weather in Berlin: 4.54
2022-11-29 12:20:20,606 - __main__ - INFO - Token value: 1234
2022-11-29 12:20:21,441 - __main__ - INFO - Weather in Berlin: 4.66
2022-11-29 12:55:27,367 - __main__ - INFO - Token value: 1234
2022-11-29 12:55:27,956 - __main__ - INFO - Weather in Berlin: 4.69
2022-11-29 13:22:54,481 - __main__ - INFO - Token value: 1234
2022-11-29 13:22:55,059 - __main__ - INFO - Weather in Berlin: 4.69
2022-11-29 13:42:17,879 - __main__ - INFO - Token value: 1234
2022-11-29 13:42:18,383 - __main__ - INFO - Weather in Berlin: 4.69
2022-11-29 13:53:54,529 - __main__ - INFO - Token value: 1234
2022-11-29 13:53:55,266 - __main__ - INFO - Weather in Berlin: 4.71
2022-11-29 14:10:08,126 - __main__ - INFO - Token value: 1234
2022-11-29 14:10:08,722 - __main__ - INFO - Weather in Berlin: 4.65
2022-11-29 14:26:35,267 - __main__ - INFO - Token value: 1234
2022-11-29 14:26:35,532 - __main__ - INFO - Weather in Berlin: 4.65
2022-11-29 14:36:45,152 - __main__ - INFO - Token value: 1234
2022-11-29 14:36:45,543 - __main__ - INFO - Weather in Berlin: 4.71
2022-11-29 14:44:26,924 - __main__ - INFO - Token value: 1234
2022-11-29 14:44:27,368 - __main__ - INFO - Weather in Berlin: 4.71
2022-11-29 14:53:22,745 - __main__ - INFO - Token value: 1234
2022-11-29 14:53:22,979 - __main__ - INFO - Weather in Berlin: 4.61
2022-11-29 15:11:17,178 - __main__ - INFO - Token value: 1234
2022-11-29 15:11:17,360 - __main__ - INFO - Weather in Berlin: 4.57
2022-11-29 15:31:53,888 - __main__ - INFO - Token value: 1234
2022-11-29 15:31:54,343 - __main__ - INFO - Weather in Berlin: 4.57
2022-11-29 15:44:55,284 - __main__ - INFO - Token value: 1234
2022-11-29 15:44:55,692 - __main__ - INFO - Weather in Berlin: 4.57
2022-11-29 15:53:41,668 - __main__ - INFO - Token value: 1234
2022-11-29 15:53:41,810 - __main__ - INFO - Weather in Berlin: 4.57
2022-11-29 16:14:24,429 - __main__ - INFO - Token value: 1234
2022-11-29 16:14:25,004 - __main__ - INFO - Weather in Berlin: 4.52
2022-11-29 16:43:39,338 - __main__ - INFO - Token value: 1234
2022-11-29 16:43:39,810 - __main__ - INFO - Weather in Berlin: 4.4
2022-11-29 16:57:22,803 - __main__ - INFO - Token value: 1234
2022-11-29 16:57:23,097 - __main__ - INFO - Weather in Berlin: 4.3
2022-11-29 17:11:29,401 - __main__ - INFO - Token value: 1234
2022-11-29 17:11:29,804 - __main__ - INFO - Weather in Berlin: 4.4
2022-11-29 17:28:46,474 - __main__ - INFO - Token value: 1234
2022-11-29 17:28:47,051 - __main__ - INFO - Weather in Berlin: 4.24
2022-11-29 17:37:41,927 - __main__ - INFO - Token value: 1234
2022-11-29 17:37:42,069 - __main__ - INFO - Weather in Berlin: 4.24
2022-11-29 17:45:12,916 - __main__ - INFO - Token value: 1234
2022-11-29 17:45:13,063 - __main__ - INFO - Weather in Berlin: 4.3
2022-11-29 17:53:25,192 - __main__ - INFO - Token value: 1234
2022-11-29 17:53:25,817 - __main__ - INFO - Weather in Berlin: 4.24
2022-11-29 18:12:58,581 - __main__ - INFO - Token value: 1234
2022-11-29 18:12:58,864 - __main__ - INFO - Weather in Berlin: 4.27
2022-11-29 18:34:06,349 - __main__ - INFO - Token value: 1234
2022-11-29 18:34:06,975 - __main__ - INFO - Weather in Berlin: 4.27
2022-11-29 18:46:47,190 - __main__ - INFO - Token value: 1234
2022-11-29 18:46:47,372 - __main__ - INFO - Weather in Berlin: 4.27
2022-11-29 18:54:30,085 - __main__ - INFO - Token value: 1234
2022-11-29 18:54:30,456 - __main__ - INFO - Weather in Berlin: 4.27
2022-11-29 19:08:47,828 - __main__ - INFO - Token value: 1234
2022-11-29 19:08:48,016 - __main__ - INFO - Weather in Berlin: 4.27
2022-11-29 19:21:18,266 - __main__ - INFO - Token value: 1234
2022-11-29 19:21:18,846 - __main__ - INFO - Weather in Berlin: 4.29
2022-11-29 19:34:20,436 - __main__ - INFO - Token value: 1234
2022-11-29 19:34:21,000 - __main__ - INFO - Weather in Berlin: 4.29
2022-11-29 19:43:32,080 - __main__ - INFO - Token value: 1234
2022-11-29 19:43:32,221 - __main__ - INFO - Weather in Berlin: 4.29
2022-11-29 19:53:29,786 - __main__ - INFO - Token value: 1234
2022-11-29 19:53:30,362 - __main__ - INFO - Weather in Berlin: 4.29
2022-11-29 20:11:07,470 - __main__ - INFO - Token value: 1234
2022-11-29 20:11:07,612 - __main__ - INFO - Weather in Berlin: 4.29
2022-11-29 20:29:04,564 - __main__ - INFO - Token value: 1234
2022-11-29 20:29:04,741 - __main__ - INFO - Weather in Berlin: 4.36
2022-11-29 20:38:31,807 - __main__ - INFO - Token value: 1234
2022-11-29 20:38:32,283 - __main__ - INFO - Weather in Berlin: 4.36
2022-11-29 20:45:50,343 - __main__ - INFO - Token value: 1234
2022-11-29 20:45:50,734 - __main__ - INFO - Weather in Berlin: 4.36
2022-11-29 20:53:35,686 - __main__ - INFO - Token value: 1234
2022-11-29 20:53:36,266 - __main__ - INFO - Weather in Berlin: 4.36
2022-11-29 21:10:40,410 - __main__ - INFO - Token value: 1234
2022-11-29 21:10:40,998 - __main__ - INFO - Weather in Berlin: 4.36
2022-11-29 21:24:19,109 - __main__ - INFO - Token value: 1234
2022-11-29 21:24:19,291 - __main__ - INFO - Weather in Berlin: 4.29
2022-11-29 21:34:25,915 - __main__ - INFO - Token value: 1234
2022-11-29 21:34:26,591 - __main__ - INFO - Weather in Berlin: 4.29
2022-11-29 21:43:29,226 - __main__ - INFO - Token value: 1234
2022-11-29 21:43:29,456 - __main__ - INFO - Weather in Berlin: 4.29
2022-11-29 21:53:29,414 - __main__ - INFO - Token value: 1234
2022-11-29 21:53:31,166 - __main__ - INFO - Weather in Berlin: 4.29
2022-11-30 07:09:53,920 - __main__ - INFO - Token value: 1234
2022-11-30 07:09:54,480 - __main__ - INFO - Weather in Berlin: 3.51
2022-11-30 07:24:43,589 - __main__ - INFO - Token value: 1234
2022-11-30 07:24:43,759 - __main__ - INFO - Weather in Berlin: 3.41
2022-11-30 07:34:21,110 - __main__ - INFO - Token value: 1234
2022-11-30 07:34:21,699 - __main__ - INFO - Weather in Berlin: 3.41
2022-11-30 07:43:40,752 - __main__ - INFO - Token value: 1234
2022-11-30 07:43:40,921 - __main__ - INFO - Weather in Berlin: 3.41
2022-11-30 07:53:31,842 - __main__ - INFO - Token value: 1234
2022-11-30 07:53:32,249 - __main__ - INFO - Weather in Berlin: 3.41
2022-11-30 08:14:23,261 - __main__ - INFO - Token value: 1234
2022-11-30 08:14:24,007 - __main__ - INFO - Weather in Berlin: 3.41
2022-11-30 08:36:09,740 - __main__ - INFO - Token value: 1234
2022-11-30 08:36:09,932 - __main__ - INFO - Weather in Berlin: 3.64
2022-11-30 08:47:39,550 - __main__ - INFO - Token value: 1234
2022-11-30 08:47:39,688 - __main__ - INFO - Weather in Berlin: 3.58
2022-11-30 08:55:24,235 - __main__ - INFO - Token value: 1234
2022-11-30 08:55:24,715 - __main__ - INFO - Weather in Berlin: 3.58
2022-11-30 09:10:54,674 - __main__ - INFO - Token value: 1234
2022-11-30 09:10:54,949 - __main__ - INFO - Weather in Berlin: 3.64
2022-11-30 09:30:00,736 - __main__ - INFO - Token value: 1234
2022-11-30 09:30:01,028 - __main__ - INFO - Weather in Berlin: 4.07
2022-11-30 09:39:56,950 - __main__ - INFO - Token value: 1234
2022-11-30 09:39:57,386 - __main__ - INFO - Weather in Berlin: 4.07
2022-11-30 09:47:35,724 - __main__ - INFO - Token value: 1234
2022-11-30 09:47:36,075 - __main__ - INFO - Weather in Berlin: 4.18
2022-11-30 09:55:19,195 - __main__ - INFO - Token value: 1234
2022-11-30 09:55:19,631 - __main__ - INFO - Weather in Berlin: 4.07
2022-11-30 10:11:48,781 - __main__ - INFO - Token value: 1234
2022-11-30 10:11:49,374 - __main__ - INFO - Weather in Berlin: 4.18
2022-11-30 10:33:42,797 - __main__ - INFO - Token value: 1234
2022-11-30 10:33:43,807 - __main__ - INFO - Weather in Berlin: 4.5
2022-11-30 10:45:46,318 - __main__ - INFO - Token value: 1234
2022-11-30 10:45:46,751 - __main__ - INFO - Weather in Berlin: 4.54
2022-11-30 10:53:28,817 - __main__ - INFO - Token value: 1234
2022-11-30 10:53:29,476 - __main__ - INFO - Weather in Berlin: 4.5
2022-11-30 11:09:54,322 - __main__ - INFO - Token value: 1234
2022-11-30 11:09:54,597 - __main__ - INFO - Weather in Berlin: 4.54
2022-11-30 11:23:49,513 - __main__ - INFO - Token value: 1234
2022-11-30 11:23:50,071 - __main__ - INFO - Weather in Berlin: 4.5
2022-11-30 11:34:19,600 - __main__ - INFO - Token value: 1234
2022-11-30 11:34:20,117 - __main__ - INFO - Weather in Berlin: 5.13
2022-11-30 11:43:25,920 - __main__ - INFO - Token value: 1234
2022-11-30 11:43:26,530 - __main__ - INFO - Weather in Berlin: 5.13
2022-11-30 11:53:31,651 - __main__ - INFO - Token value: 1234
2022-11-30 11:53:32,141 - __main__ - INFO - Weather in Berlin: 5.13
2022-11-30 12:21:01,604 - __main__ - INFO - Token value: 1234
2022-11-30 12:21:02,422 - __main__ - INFO - Weather in Berlin: 5.13
2022-11-30 13:02:53,623 - __main__ - INFO - Token value: 1234
2022-11-30 13:02:54,212 - __main__ - INFO - Weather in Berlin: 5.37
2022-11-30 13:36:31,244 - __main__ - INFO - Token value: 1234
2022-11-30 13:36:31,848 - __main__ - INFO - Weather in Berlin: 5.44
2022-11-30 13:47:57,970 - __main__ - INFO - Token value: 1234
2022-11-30 13:47:58,822 - __main__ - INFO - Weather in Berlin: 4.69
2022-11-30 13:55:48,407 - __main__ - INFO - Token value: 1234
2022-11-30 13:55:48,558 - __main__ - INFO - Weather in Berlin: 4.42
2022-11-30 14:09:57,570 - __main__ - INFO - Token value: 1234
2022-11-30 14:09:58,035 - __main__ - INFO - Weather in Berlin: 4.42
2022-11-30 14:26:43,675 - __main__ - INFO - Token value: 1234
2022-11-30 14:26:43,864 - __main__ - INFO - Weather in Berlin: 4.69
2022-11-30 14:37:14,063 - __main__ - INFO - Token value: 1234
2022-11-30 14:37:14,634 - __main__ - INFO - Weather in Berlin: 4.69
2022-11-30 14:44:46,646 - __main__ - INFO - Token value: 1234
2022-11-30 14:44:47,143 - __main__ - INFO - Weather in Berlin: 4.42
2022-11-30 14:53:30,810 - __main__ - INFO - Token value: 1234
2022-11-30 14:53:31,267 - __main__ - INFO - Weather in Berlin: 4.42
2022-11-30 15:11:36,408 - __main__ - INFO - Token value: 1234
2022-11-30 15:11:36,998 - __main__ - INFO - Weather in Berlin: 3.18
2022-11-30 15:32:30,266 - __main__ - INFO - Token value: 1234
2022-11-30 15:32:30,728 - __main__ - INFO - Weather in Berlin: 3.18
2022-11-30 15:45:48,799 - __main__ - INFO - Token value: 1234
2022-11-30 15:45:48,945 - __main__ - INFO - Weather in Berlin: 3.18
2022-11-30 15:53:38,552 - __main__ - INFO - Token value: 1234
2022-11-30 15:53:38,697 - __main__ - INFO - Weather in Berlin: 1.84
2022-11-30 16:14:32,421 - __main__ - INFO - Token value: 1234
2022-11-30 16:14:32,866 - __main__ - INFO - Weather in Berlin: 1.75
2022-11-30 16:43:53,765 - __main__ - INFO - Token value: 1234
2022-11-30 16:43:53,904 - __main__ - INFO - Weather in Berlin: 1.75
2022-11-30 16:59:04,361 - __main__ - INFO - Token value: 1234
2022-11-30 16:59:04,905 - __main__ - INFO - Weather in Berlin: 1.48
2022-11-30 17:16:08,235 - __main__ - INFO - Token value: 1234
2022-11-30 17:16:08,877 - __main__ - INFO - Weather in Berlin: 1.48
2022-11-30 17:30:21,454 - __main__ - INFO - Token value: 1234
2022-11-30 17:30:21,870 - __main__ - INFO - Weather in Berlin: 1.48
2022-11-30 17:40:13,982 - __main__ - INFO - Token value: 1234
2022-11-30 17:40:14,166 - __main__ - INFO - Weather in Berlin: 1.48
2022-11-30 17:48:02,373 - __main__ - INFO - Token value: 1234
2022-11-30 17:48:04,023 - __main__ - INFO - Weather in Berlin: 1.48
2022-11-30 17:55:24,891 - __main__ - INFO - Token value: 1234
2022-11-30 17:55:25,041 - __main__ - INFO - Weather in Berlin: 1.48
2022-11-30 18:13:44,009 - __main__ - INFO - Token value: 1234
2022-11-30 18:13:44,607 - __main__ - INFO - Weather in Berlin: 1.51
2022-11-30 18:36:22,345 - __main__ - INFO - Token value: 1234
2022-11-30 18:36:22,515 - __main__ - INFO - Weather in Berlin: 1.51
2022-11-30 18:48:53,235 - __main__ - INFO - Token value: 1234
2022-11-30 18:48:53,824 - __main__ - INFO - Weather in Berlin: 1.55
2022-11-30 18:56:19,940 - __main__ - INFO - Token value: 1234
2022-11-30 18:56:20,365 - __main__ - INFO - Weather in Berlin: 1.54
2022-11-30 19:10:02,923 - __main__ - INFO - Token value: 1234
2022-11-30 19:10:03,112 - __main__ - INFO - Weather in Berlin: 1.54
2022-11-30 19:22:19,174 - __main__ - INFO - Token value: 1234
2022-11-30 19:22:19,744 - __main__ - INFO - Weather in Berlin: 1.54
2022-11-30 19:33:40,494 - __main__ - INFO - Token value: 1234
2022-11-30 19:33:41,056 - __main__ - INFO - Weather in Berlin: 1.54
2022-11-30 19:43:34,460 - __main__ - INFO - Token value: 1234
2022-11-30 19:43:34,895 - __main__ - INFO - Weather in Berlin: 1.54
2022-11-30 19:53:24,969 - __main__ - INFO - Token value: 1234
2022-11-30 19:53:25,554 - __main__ - INFO - Weather in Berlin: 1.54
2022-11-30 20:11:22,706 - __main__ - INFO - Token value: 1234
2022-11-30 20:11:23,486 - __main__ - INFO - Weather in Berlin: 1.25
2022-11-30 20:30:56,857 - __main__ - INFO - Token value: 1234
2022-11-30 20:30:57,441 - __main__ - INFO - Weather in Berlin: 1.29
2022-11-30 20:41:09,281 - __main__ - INFO - Token value: 1234
2022-11-30 20:41:09,717 - __main__ - INFO - Weather in Berlin: 1.25
2022-11-30 20:53:38,261 - __main__ - INFO - Token value: 1234
2022-11-30 20:53:38,901 - __main__ - INFO - Weather in Berlin: 1.29
2022-11-30 21:09:51,442 - __main__ - INFO - Token value: 1234
2022-11-30 21:09:51,586 - __main__ - INFO - Weather in Berlin: 1.25
2022-11-30 21:25:03,509 - __main__ - INFO - Token value: 1234
2022-11-30 21:25:04,065 - __main__ - INFO - Weather in Berlin: 1.22
2022-11-30 21:34:45,122 - __main__ - INFO - Token value: 1234
2022-11-30 21:34:45,688 - __main__ - INFO - Weather in Berlin: 1.22
2022-11-30 21:43:56,149 - __main__ - INFO - Token value: 1234
2022-11-30 21:43:56,707 - __main__ - INFO - Weather in Berlin: 1.22
2022-11-30 21:53:31,160 - __main__ - INFO - Token value: 1234
2022-11-30 21:53:31,416 - __main__ - INFO - Weather in Berlin: 1.22
2022-12-01 07:10:23,860 - __main__ - INFO - Token value: 1234
2022-12-01 07:10:24,481 - __main__ - INFO - Weather in Berlin: 0.14
2022-12-01 07:25:42,093 - __main__ - INFO - Token value: 1234
2022-12-01 07:25:42,536 - __main__ - INFO - Weather in Berlin: 0.14
2022-12-01 07:34:03,630 - __main__ - INFO - Token value: 1234
2022-12-01 07:34:04,270 - __main__ - INFO - Weather in Berlin: 0.14
2022-12-01 07:43:37,426 - __main__ - INFO - Token value: 1234
2022-12-01 07:43:37,582 - __main__ - INFO - Weather in Berlin: 0.14
2022-12-01 07:53:19,803 - __main__ - INFO - Token value: 1234
2022-12-01 07:53:20,280 - __main__ - INFO - Weather in Berlin: 0.23
2022-12-01 08:14:03,845 - __main__ - INFO - Token value: 1234
2022-12-01 08:14:04,405 - __main__ - INFO - Weather in Berlin: 0.36
2022-12-01 08:36:46,734 - __main__ - INFO - Token value: 1234
2022-12-01 08:36:46,926 - __main__ - INFO - Weather in Berlin: 0.42
2022-12-01 08:48:49,856 - __main__ - INFO - Token value: 1234
2022-12-01 08:48:50,183 - __main__ - INFO - Weather in Berlin: 0.36
2022-12-01 08:56:29,916 - __main__ - INFO - Token value: 1234
2022-12-01 08:56:30,542 - __main__ - INFO - Weather in Berlin: 0.36
2022-12-01 09:12:17,963 - __main__ - INFO - Token value: 1234
2022-12-01 09:12:18,146 - __main__ - INFO - Weather in Berlin: 0.42
2022-12-01 09:30:14,364 - __main__ - INFO - Token value: 1234
2022-12-01 09:30:14,978 - __main__ - INFO - Weather in Berlin: 0.49
2022-12-01 09:40:22,381 - __main__ - INFO - Token value: 1234
2022-12-01 09:40:23,173 - __main__ - INFO - Weather in Berlin: 0.48
2022-12-01 09:48:24,683 - __main__ - INFO - Token value: 1234
2022-12-01 09:48:25,288 - __main__ - INFO - Weather in Berlin: 0.48
2022-12-01 09:56:10,886 - __main__ - INFO - Token value: 1234
2022-12-01 09:56:11,544 - __main__ - INFO - Weather in Berlin: 0.49
2022-12-01 10:12:28,930 - __main__ - INFO - Token value: 1234
2022-12-01 10:12:29,404 - __main__ - INFO - Weather in Berlin: 0.48
2022-12-01 10:33:58,738 - __main__ - INFO - Token value: 1234
2022-12-01 10:33:59,777 - __main__ - INFO - Weather in Berlin: 0.48
2022-12-01 10:45:47,979 - __main__ - INFO - Token value: 1234
2022-12-01 10:45:48,454 - __main__ - INFO - Weather in Berlin: 0.62
2022-12-01 10:53:25,237 - __main__ - INFO - Token value: 1234
2022-12-01 10:53:25,808 - __main__ - INFO - Weather in Berlin: 0.63
2022-12-01 11:09:08,690 - __main__ - INFO - Token value: 1234
2022-12-01 11:09:09,150 - __main__ - INFO - Weather in Berlin: 0.62
2022-12-01 11:23:24,360 - __main__ - INFO - Token value: 1234
2022-12-01 11:23:24,622 - __main__ - INFO - Weather in Berlin: 0.83
2022-12-01 11:34:18,268 - __main__ - INFO - Token value: 1234
2022-12-01 11:34:18,716 - __main__ - INFO - Weather in Berlin: 0.63
2022-12-01 11:43:28,586 - __main__ - INFO - Token value: 1234
2022-12-01 11:43:28,728 - __main__ - INFO - Weather in Berlin: 0.63
2022-12-01 11:53:55,444 - __main__ - INFO - Token value: 1234
2022-12-01 11:53:56,079 - __main__ - INFO - Weather in Berlin: 0.83
2022-12-01 12:21:56,272 - __main__ - INFO - Token value: 1234
2022-12-01 12:21:56,470 - __main__ - INFO - Weather in Berlin: 0.99
2022-12-01 13:03:52,319 - __main__ - INFO - Token value: 1234
2022-12-01 13:03:52,772 - __main__ - INFO - Weather in Berlin: 0.98
2022-12-01 13:39:34,271 - __main__ - INFO - Token value: 1234
2022-12-01 13:39:34,465 - __main__ - INFO - Weather in Berlin: 1.13
2022-12-01 13:51:13,978 - __main__ - INFO - Token value: 1234
2022-12-01 13:51:14,333 - __main__ - INFO - Weather in Berlin: 0.98
2022-12-01 14:10:09,291 - __main__ - INFO - Token value: 1234
2022-12-01 14:10:09,757 - __main__ - INFO - Weather in Berlin: 1.13
2022-12-01 14:26:45,006 - __main__ - INFO - Token value: 1234
2022-12-01 14:26:45,236 - __main__ - INFO - Weather in Berlin: 1.05
2022-12-01 14:36:58,347 - __main__ - INFO - Token value: 1234
2022-12-01 14:36:58,823 - __main__ - INFO - Weather in Berlin: 1.05
2022-12-01 14:45:01,166 - __main__ - INFO - Token value: 1234
2022-12-01 14:45:01,771 - __main__ - INFO - Weather in Berlin: 1.05
2022-12-01 14:53:32,761 - __main__ - INFO - Token value: 1234
2022-12-01 14:53:33,415 - __main__ - INFO - Weather in Berlin: 0.97
2022-12-01 15:11:22,871 - __main__ - INFO - Token value: 1234
2022-12-01 15:11:23,048 - __main__ - INFO - Weather in Berlin: 1.09
2022-12-01 15:32:26,039 - __main__ - INFO - Token value: 1234
2022-12-01 15:32:26,189 - __main__ - INFO - Weather in Berlin: 1.09
2022-12-01 15:45:40,266 - __main__ - INFO - Token value: 1234
2022-12-01 15:45:40,430 - __main__ - INFO - Weather in Berlin: 1.09
2022-12-01 15:53:41,697 - __main__ - INFO - Token value: 1234
2022-12-01 15:53:42,110 - __main__ - INFO - Weather in Berlin: 1.08
2022-12-01 16:14:56,917 - __main__ - INFO - Token value: 1234
2022-12-01 16:14:57,509 - __main__ - INFO - Weather in Berlin: 0.98
2022-12-01 16:42:53,912 - __main__ - INFO - Token value: 1234
2022-12-01 16:42:54,351 - __main__ - INFO - Weather in Berlin: 0.92
2022-12-01 16:58:28,138 - __main__ - INFO - Token value: 1234
2022-12-01 16:58:28,717 - __main__ - INFO - Weather in Berlin: 0.98
2022-12-01 17:14:55,362 - __main__ - INFO - Token value: 1234
2022-12-01 17:14:55,987 - __main__ - INFO - Weather in Berlin: 0.67
2022-12-01 17:30:06,827 - __main__ - INFO - Token value: 1234
2022-12-01 17:30:07,271 - __main__ - INFO - Weather in Berlin: 0.92
2022-12-01 17:39:34,511 - __main__ - INFO - Token value: 1234
2022-12-01 17:39:34,697 - __main__ - INFO - Weather in Berlin: 0.66
2022-12-01 17:47:11,217 - __main__ - INFO - Token value: 1234
2022-12-01 17:47:11,401 - __main__ - INFO - Weather in Berlin: 0.66
2022-12-01 17:54:58,987 - __main__ - INFO - Token value: 1234
2022-12-01 17:54:59,576 - __main__ - INFO - Weather in Berlin: 0.66
2022-12-01 18:13:13,174 - __main__ - INFO - Token value: 1234
2022-12-01 18:13:13,679 - __main__ - INFO - Weather in Berlin: 0.67
2022-12-01 18:36:05,961 - __main__ - INFO - Token value: 1234
2022-12-01 18:36:06,132 - __main__ - INFO - Weather in Berlin: 0.66
2022-12-01 18:48:17,700 - __main__ - INFO - Token value: 1234
2022-12-01 18:48:18,362 - __main__ - INFO - Weather in Berlin: 0.47
2022-12-01 18:56:10,156 - __main__ - INFO - Token value: 1234
2022-12-01 18:56:10,956 - __main__ - INFO - Weather in Berlin: 0.47
2022-12-01 19:09:16,807 - __main__ - INFO - Token value: 1234
2022-12-01 19:09:17,002 - __main__ - INFO - Weather in Berlin: 0.47
2022-12-01 19:22:22,305 - __main__ - INFO - Token value: 1234
2022-12-01 19:22:22,903 - __main__ - INFO - Weather in Berlin: 0.54
2022-12-01 19:34:59,282 - __main__ - INFO - Token value: 1234
2022-12-01 19:34:59,437 - __main__ - INFO - Weather in Berlin: 0.53
2022-12-01 19:43:36,163 - __main__ - INFO - Token value: 1234
2022-12-01 19:43:36,819 - __main__ - INFO - Weather in Berlin: 0.53
2022-12-01 19:53:45,861 - __main__ - INFO - Token value: 1234
2022-12-01 19:53:46,447 - __main__ - INFO - Weather in Berlin: 0.53
2022-12-01 20:10:41,196 - __main__ - INFO - Token value: 1234
2022-12-01 20:10:41,641 - __main__ - INFO - Weather in Berlin: 0.53
2022-12-01 20:26:36,552 - __main__ - INFO - Token value: 1234
2022-12-01 20:26:37,030 - __main__ - INFO - Weather in Berlin: 0.57
2022-12-01 20:35:37,379 - __main__ - INFO - Token value: 1234
2022-12-01 20:35:37,876 - __main__ - INFO - Weather in Berlin: 0.57
2022-12-01 20:43:23,072 - __main__ - INFO - Token value: 1234
2022-12-01 20:43:23,568 - __main__ - INFO - Weather in Berlin: 0.82
2022-12-01 20:53:39,345 - __main__ - INFO - Token value: 1234
2022-12-01 20:53:40,064 - __main__ - INFO - Weather in Berlin: 0.82
2022-12-01 21:08:45,714 - __main__ - INFO - Token value: 1234
2022-12-01 21:08:45,870 - __main__ - INFO - Weather in Berlin: 0.82
2022-12-01 21:21:27,334 - __main__ - INFO - Token value: 1234
2022-12-01 21:21:27,819 - __main__ - INFO - Weather in Berlin: 0.82
2022-12-01 21:34:21,925 - __main__ - INFO - Token value: 1234
2022-12-01 21:34:22,118 - __main__ - INFO - Weather in Berlin: 0.87
2022-12-01 21:43:32,530 - __main__ - INFO - Token value: 1234
2022-12-01 21:43:32,918 - __main__ - INFO - Weather in Berlin: 0.87
2022-12-01 21:53:42,061 - __main__ - INFO - Token value: 1234
2022-12-01 21:53:42,232 - __main__ - INFO - Weather in Berlin: 0.89
2022-12-02 07:09:48,309 - __main__ - INFO - Token value: 1234
2022-12-02 07:09:48,452 - __main__ - INFO - Weather in Berlin: 1.17
2022-12-02 07:23:08,830 - __main__ - INFO - Token value: 1234
2022-12-02 07:23:09,005 - __main__ - INFO - Weather in Berlin: 1.17
2022-12-02 07:34:14,199 - __main__ - INFO - Token value: 1234
2022-12-02 07:34:14,771 - __main__ - INFO - Weather in Berlin: 1.12
2022-12-02 07:43:22,409 - __main__ - INFO - Token value: 1234
2022-12-02 07:43:22,899 - __main__ - INFO - Weather in Berlin: 1.12
2022-12-02 07:53:51,802 - __main__ - INFO - Token value: 1234
2022-12-02 07:53:52,507 - __main__ - INFO - Weather in Berlin: 1.12
2022-12-02 08:12:51,482 - __main__ - INFO - Token value: 1234
2022-12-02 08:12:52,344 - __main__ - INFO - Weather in Berlin: 1.12
2022-12-02 08:32:52,959 - __main__ - INFO - Token value: 1234
2022-12-02 08:32:53,430 - __main__ - INFO - Weather in Berlin: 1.15
2022-12-02 08:44:43,145 - __main__ - INFO - Token value: 1234
2022-12-02 08:44:43,596 - __main__ - INFO - Weather in Berlin: 1.15
2022-12-02 08:53:33,860 - __main__ - INFO - Token value: 1234
2022-12-02 08:53:37,804 - __main__ - INFO - Weather in Berlin: 1.15
2022-12-02 09:10:08,661 - __main__ - INFO - Token value: 1234
2022-12-02 09:10:08,893 - __main__ - INFO - Weather in Berlin: 1.15
2022-12-02 09:25:08,839 - __main__ - INFO - Token value: 1234
2022-12-02 09:25:09,406 - __main__ - INFO - Weather in Berlin: 1.15
2022-12-02 09:34:24,331 - __main__ - INFO - Token value: 1234
2022-12-02 09:34:24,975 - __main__ - INFO - Weather in Berlin: 1.53
2022-12-02 09:43:32,073 - __main__ - INFO - Token value: 1234
2022-12-02 09:43:32,522 - __main__ - INFO - Weather in Berlin: 1.31
2022-12-02 09:53:33,185 - __main__ - INFO - Token value: 1234
2022-12-02 09:53:34,174 - __main__ - INFO - Weather in Berlin: 1.31
2022-12-02 10:11:26,316 - __main__ - INFO - Token value: 1234
2022-12-02 10:11:27,066 - __main__ - INFO - Weather in Berlin: 1.53
2022-12-02 10:32:09,362 - __main__ - INFO - Token value: 1234
2022-12-02 10:32:09,831 - __main__ - INFO - Weather in Berlin: 1.53
2022-12-02 10:43:48,764 - __main__ - INFO - Token value: 1234
2022-12-02 10:43:49,508 - __main__ - INFO - Weather in Berlin: 1.37
2022-12-02 10:53:41,133 - __main__ - INFO - Token value: 1234
2022-12-02 10:53:41,627 - __main__ - INFO - Weather in Berlin: 1.37
2022-12-02 11:07:14,000 - __main__ - INFO - Token value: 1234
2022-12-02 11:07:14,176 - __main__ - INFO - Weather in Berlin: 1.37
2022-12-02 11:18:52,225 - __main__ - INFO - Token value: 1234
2022-12-02 11:18:52,804 - __main__ - INFO - Weather in Berlin: 1.37
2022-12-02 11:26:51,888 - __main__ - INFO - Token value: 1234
2022-12-02 11:26:52,475 - __main__ - INFO - Weather in Berlin: 1.37
2022-12-02 11:34:33,916 - __main__ - INFO - Token value: 1234
2022-12-02 11:34:34,472 - __main__ - INFO - Weather in Berlin: 1.41
2022-12-02 11:43:34,226 - __main__ - INFO - Token value: 1234
2022-12-02 11:43:34,791 - __main__ - INFO - Weather in Berlin: 1.39
2022-12-02 11:53:27,183 - __main__ - INFO - Token value: 1234
2022-12-02 11:53:27,665 - __main__ - INFO - Weather in Berlin: 1.39
2022-12-02 12:18:37,057 - __main__ - INFO - Token value: 1234
2022-12-02 12:18:37,573 - __main__ - INFO - Weather in Berlin: 1.41
2022-12-02 12:50:06,029 - __main__ - INFO - Token value: 1234
2022-12-02 12:50:06,635 - __main__ - INFO - Weather in Berlin: 1.39
2022-12-02 13:11:38,638 - __main__ - INFO - Token value: 1234
2022-12-02 13:11:38,861 - __main__ - INFO - Weather in Berlin: 1.39
2022-12-02 13:32:51,161 - __main__ - INFO - Token value: 1234
2022-12-02 13:32:51,902 - __main__ - INFO - Weather in Berlin: 1.39
2022-12-02 13:44:34,197 - __main__ - INFO - Token value: 1234
2022-12-02 13:44:34,629 - __main__ - INFO - Weather in Berlin: 1.31
2022-12-02 13:53:26,433 - __main__ - INFO - Token value: 1234
2022-12-02 13:53:26,998 - __main__ - INFO - Weather in Berlin: 1.31
2022-12-02 14:09:31,549 - __main__ - INFO - Token value: 1234
2022-12-02 14:09:32,098 - __main__ - INFO - Weather in Berlin: 1.31
2022-12-02 14:23:35,613 - __main__ - INFO - Token value: 1234
2022-12-02 14:23:35,802 - __main__ - INFO - Weather in Berlin: 1.31
2022-12-02 14:34:06,182 - __main__ - INFO - Token value: 1234
2022-12-02 14:34:06,323 - __main__ - INFO - Weather in Berlin: 1.31
2022-12-02 14:43:47,905 - __main__ - INFO - Token value: 1234
2022-12-02 14:43:48,426 - __main__ - INFO - Weather in Berlin: 0.88
2022-12-02 14:53:37,648 - __main__ - INFO - Token value: 1234
2022-12-02 14:53:38,106 - __main__ - INFO - Weather in Berlin: 0.85
2022-12-02 15:09:37,487 - __main__ - INFO - Token value: 1234
2022-12-02 15:09:37,684 - __main__ - INFO - Weather in Berlin: 0.88
2022-12-02 15:24:48,138 - __main__ - INFO - Token value: 1234
2022-12-02 15:24:48,328 - __main__ - INFO - Weather in Berlin: 0.85
2022-12-02 15:34:50,785 - __main__ - INFO - Token value: 1234
2022-12-02 15:34:50,945 - __main__ - INFO - Weather in Berlin: 0.88
2022-12-02 15:43:30,413 - __main__ - INFO - Token value: 1234
2022-12-02 15:43:30,983 - __main__ - INFO - Weather in Berlin: 0.88
2022-12-02 15:53:36,751 - __main__ - INFO - Token value: 1234
2022-12-02 15:53:37,336 - __main__ - INFO - Weather in Berlin: 0.55
2022-12-02 16:13:40,705 - __main__ - INFO - Token value: 1234
2022-12-02 16:13:41,309 - __main__ - INFO - Weather in Berlin: 0.55
2022-12-02 16:40:01,406 - __main__ - INFO - Token value: 1234
2022-12-02 16:40:02,384 - __main__ - INFO - Weather in Berlin: 0.55
2022-12-02 16:52:29,737 - __main__ - INFO - Token value: 1234
2022-12-02 16:52:30,198 - __main__ - INFO - Weather in Berlin: 0.22
2022-12-02 17:09:30,285 - __main__ - INFO - Token value: 1234
2022-12-02 17:09:30,888 - __main__ - INFO - Weather in Berlin: 0.22
2022-12-02 17:23:51,464 - __main__ - INFO - Token value: 1234
2022-12-02 17:23:51,692 - __main__ - INFO - Weather in Berlin: 0.22
2022-12-02 17:34:07,884 - __main__ - INFO - Token value: 1234
2022-12-02 17:34:08,330 - __main__ - INFO - Weather in Berlin: 0.18
2022-12-02 17:43:24,652 - __main__ - INFO - Token value: 1234
2022-12-02 17:43:24,795 - __main__ - INFO - Weather in Berlin: 0.22
2022-12-02 17:53:37,997 - __main__ - INFO - Token value: 1234
2022-12-02 17:53:38,403 - __main__ - INFO - Weather in Berlin: 0.18
2022-12-02 18:12:31,911 - __main__ - INFO - Token value: 1234
2022-12-02 18:12:32,526 - __main__ - INFO - Weather in Berlin: -0.15
2022-12-02 18:31:44,806 - __main__ - INFO - Token value: 1234
2022-12-02 18:31:45,110 - __main__ - INFO - Weather in Berlin: -0.05
2022-12-02 18:44:38,674 - __main__ - INFO - Token value: 1234
2022-12-02 18:44:38,836 - __main__ - INFO - Weather in Berlin: -0.05
2022-12-02 18:53:43,619 - __main__ - INFO - Token value: 1234
2022-12-02 18:53:44,255 - __main__ - INFO - Weather in Berlin: -0.28
2022-12-02 19:07:56,164 - __main__ - INFO - Token value: 1234
2022-12-02 19:07:57,021 - __main__ - INFO - Weather in Berlin: -0.28
2022-12-02 19:19:26,340 - __main__ - INFO - Token value: 1234
2022-12-02 19:19:27,241 - __main__ - INFO - Weather in Berlin: -0.28
2022-12-02 19:26:44,942 - __main__ - INFO - Token value: 1234
2022-12-02 19:26:45,533 - __main__ - INFO - Weather in Berlin: -0.4
2022-12-02 19:34:55,539 - __main__ - INFO - Token value: 1234
2022-12-02 19:34:56,025 - __main__ - INFO - Weather in Berlin: -0.28
2022-12-02 19:43:40,436 - __main__ - INFO - Token value: 1234
2022-12-02 19:43:41,024 - __main__ - INFO - Weather in Berlin: -0.28
2022-12-02 19:53:46,271 - __main__ - INFO - Token value: 1234
2022-12-02 19:53:46,913 - __main__ - INFO - Weather in Berlin: -0.53
2022-12-02 20:10:34,516 - __main__ - INFO - Token value: 1234
2022-12-02 20:10:35,096 - __main__ - INFO - Weather in Berlin: -0.53
2022-12-02 20:26:40,648 - __main__ - INFO - Token value: 1234
2022-12-02 20:26:40,913 - __main__ - INFO - Weather in Berlin: -0.53
2022-12-02 20:35:05,962 - __main__ - INFO - Token value: 1234
2022-12-02 20:35:06,153 - __main__ - INFO - Weather in Berlin: -0.61
2022-12-02 20:43:41,319 - __main__ - INFO - Token value: 1234
2022-12-02 20:43:41,882 - __main__ - INFO - Weather in Berlin: -0.53
2022-12-02 20:53:40,232 - __main__ - INFO - Token value: 1234
2022-12-02 20:53:40,393 - __main__ - INFO - Weather in Berlin: -0.61
2022-12-02 21:08:55,855 - __main__ - INFO - Token value: 1234
2022-12-02 21:08:56,016 - __main__ - INFO - Weather in Berlin: -0.7
2022-12-02 21:22:11,535 - __main__ - INFO - Token value: 1234
2022-12-02 21:22:12,032 - __main__ - INFO - Weather in Berlin: -0.7
2022-12-02 21:34:11,886 - __main__ - INFO - Token value: 1234
2022-12-02 21:34:12,796 - __main__ - INFO - Weather in Berlin: -0.7
2022-12-02 21:43:30,546 - __main__ - INFO - Token value: 1234
2022-12-02 21:43:30,801 - __main__ - INFO - Weather in Berlin: -0.7
2022-12-02 21:53:29,981 - __main__ - INFO - Token value: 1234
2022-12-02 21:53:30,663 - __main__ - INFO - Weather in Berlin: -0.7
2022-12-03 07:08:31,402 - __main__ - INFO - Token value: 1234
2022-12-03 07:08:32,070 - __main__ - INFO - Weather in Berlin: -1.38
2022-12-03 07:21:17,910 - __main__ - INFO - Token value: 1234
2022-12-03 07:21:18,406 - __main__ - INFO - Weather in Berlin: -1.54
2022-12-03 07:33:57,236 - __main__ - INFO - Token value: 1234
2022-12-03 07:33:57,421 - __main__ - INFO - Weather in Berlin: -1.54
2022-12-03 07:43:20,303 - __main__ - INFO - Token value: 1234
2022-12-03 07:43:20,880 - __main__ - INFO - Weather in Berlin: -1.54
2022-12-03 07:53:21,708 - __main__ - INFO - Token value: 1234
2022-12-03 07:53:22,194 - __main__ - INFO - Weather in Berlin: -1.54
2022-12-03 08:12:21,913 - __main__ - INFO - Token value: 1234
2022-12-03 08:12:22,387 - __main__ - INFO - Weather in Berlin: -1.54
2022-12-03 08:32:20,333 - __main__ - INFO - Token value: 1234
2022-12-03 08:32:22,885 - __main__ - INFO - Weather in Berlin: -1.7
2022-12-03 08:43:54,851 - __main__ - INFO - Token value: 1234
2022-12-03 08:43:55,488 - __main__ - INFO - Weather in Berlin: -1.7
2022-12-03 08:53:37,394 - __main__ - INFO - Token value: 1234
2022-12-03 08:53:37,773 - __main__ - INFO - Weather in Berlin: -1.7
2022-12-03 09:09:24,886 - __main__ - INFO - Token value: 1234
2022-12-03 09:09:25,508 - __main__ - INFO - Weather in Berlin: -1.55
2022-12-03 09:23:19,910 - __main__ - INFO - Token value: 1234
2022-12-03 09:23:20,107 - __main__ - INFO - Weather in Berlin: -1.46
2022-12-03 09:33:54,189 - __main__ - INFO - Token value: 1234
2022-12-03 09:33:54,965 - __main__ - INFO - Weather in Berlin: -1.46
2022-12-03 09:43:40,253 - __main__ - INFO - Token value: 1234
2022-12-03 09:43:40,926 - __main__ - INFO - Weather in Berlin: -1.46
2022-12-03 09:53:39,633 - __main__ - INFO - Token value: 1234
2022-12-03 09:53:40,290 - __main__ - INFO - Weather in Berlin: -1.46
2022-12-03 10:10:09,740 - __main__ - INFO - Token value: 1234
2022-12-03 10:10:10,404 - __main__ - INFO - Weather in Berlin: -1.46
2022-12-03 10:26:53,603 - __main__ - INFO - Token value: 1234
2022-12-03 10:26:53,864 - __main__ - INFO - Weather in Berlin: -1.46
2022-12-03 10:36:06,358 - __main__ - INFO - Token value: 1234
2022-12-03 10:36:06,955 - __main__ - INFO - Weather in Berlin: -1.25
2022-12-03 10:43:39,263 - __main__ - INFO - Token value: 1234
2022-12-03 10:43:39,795 - __main__ - INFO - Weather in Berlin: -1.25
2022-12-03 10:53:24,396 - __main__ - INFO - Token value: 1234
2022-12-03 10:53:24,589 - __main__ - INFO - Weather in Berlin: -1.25
2022-12-03 11:07:46,669 - __main__ - INFO - Token value: 1234
2022-12-03 11:07:47,140 - __main__ - INFO - Weather in Berlin: -1.25
2022-12-03 11:19:27,633 - __main__ - INFO - Token value: 1234
2022-12-03 11:19:28,223 - __main__ - INFO - Weather in Berlin: -1.08
2022-12-03 11:27:11,087 - __main__ - INFO - Token value: 1234
2022-12-03 11:27:11,292 - __main__ - INFO - Weather in Berlin: -1.02
2022-12-03 11:35:08,877 - __main__ - INFO - Token value: 1234
2022-12-03 11:35:09,327 - __main__ - INFO - Weather in Berlin: -1.02
2022-12-03 11:43:31,190 - __main__ - INFO - Token value: 1234
2022-12-03 11:43:31,951 - __main__ - INFO - Weather in Berlin: -1.03
2022-12-03 11:53:28,591 - __main__ - INFO - Token value: 1234
2022-12-03 11:53:29,081 - __main__ - INFO - Weather in Berlin: -1.03
2022-12-03 12:16:29,173 - __main__ - INFO - Token value: 1234
2022-12-03 12:16:29,755 - __main__ - INFO - Weather in Berlin: -1.02
2022-12-03 12:46:44,981 - __main__ - INFO - Token value: 1234
2022-12-03 12:46:45,529 - __main__ - INFO - Weather in Berlin: -0.86
2022-12-03 13:04:05,467 - __main__ - INFO - Token value: 1234
2022-12-03 13:04:06,191 - __main__ - INFO - Weather in Berlin: -0.88
2022-12-03 13:26:29,107 - __main__ - INFO - Token value: 1234
2022-12-03 13:26:29,685 - __main__ - INFO - Weather in Berlin: -0.86
2022-12-03 13:34:41,376 - __main__ - INFO - Token value: 1234
2022-12-03 13:34:41,860 - __main__ - INFO - Weather in Berlin: -0.86
2022-12-03 13:43:21,870 - __main__ - INFO - Token value: 1234
2022-12-03 13:43:22,324 - __main__ - INFO - Weather in Berlin: -0.89
2022-12-03 13:53:26,830 - __main__ - INFO - Token value: 1234
2022-12-03 13:53:27,819 - __main__ - INFO - Weather in Berlin: -0.94
2022-12-03 14:08:24,731 - __main__ - INFO - Token value: 1234
2022-12-03 14:08:25,178 - __main__ - INFO - Weather in Berlin: -0.89
2022-12-03 14:21:51,864 - __main__ - INFO - Token value: 1234
2022-12-03 14:21:52,020 - __main__ - INFO - Weather in Berlin: -0.89
2022-12-03 14:34:01,451 - __main__ - INFO - Token value: 1234
2022-12-03 14:34:01,741 - __main__ - INFO - Weather in Berlin: -0.94
2022-12-03 14:43:20,601 - __main__ - INFO - Token value: 1234
2022-12-03 14:43:20,789 - __main__ - INFO - Weather in Berlin: -0.99
2022-12-03 14:53:31,961 - __main__ - INFO - Token value: 1234
2022-12-03 14:53:32,428 - __main__ - INFO - Weather in Berlin: -1.01
2022-12-03 15:09:28,006 - __main__ - INFO - Token value: 1234
2022-12-03 15:09:28,169 - __main__ - INFO - Weather in Berlin: -0.99
2022-12-03 15:24:33,538 - __main__ - INFO - Token value: 1234
2022-12-03 15:24:34,124 - __main__ - INFO - Weather in Berlin: -1.01
2022-12-03 15:34:03,456 - __main__ - INFO - Token value: 1234
2022-12-03 15:34:03,799 - __main__ - INFO - Weather in Berlin: -0.99
2022-12-03 15:43:29,071 - __main__ - INFO - Token value: 1234
2022-12-03 15:43:29,634 - __main__ - INFO - Weather in Berlin: -1.01
2022-12-03 15:53:36,094 - __main__ - INFO - Token value: 1234
2022-12-03 15:53:37,154 - __main__ - INFO - Weather in Berlin: -1.02
2022-12-03 16:12:22,260 - __main__ - INFO - Token value: 1234
2022-12-03 16:12:22,402 - __main__ - INFO - Weather in Berlin: -1.0
2022-12-03 16:38:09,305 - __main__ - INFO - Token value: 1234
2022-12-03 16:38:09,769 - __main__ - INFO - Weather in Berlin: -1.0
2022-12-03 16:50:11,583 - __main__ - INFO - Token value: 1234
2022-12-03 16:50:11,988 - __main__ - INFO - Weather in Berlin: -0.85
2022-12-03 16:57:52,482 - __main__ - INFO - Token value: 1234
2022-12-03 16:57:52,670 - __main__ - INFO - Weather in Berlin: -0.85
2022-12-03 17:11:49,933 - __main__ - INFO - Token value: 1234
2022-12-03 17:11:50,304 - __main__ - INFO - Weather in Berlin: -0.85
2022-12-03 17:26:40,061 - __main__ - INFO - Token value: 1234
2022-12-03 17:26:41,188 - __main__ - INFO - Weather in Berlin: -0.85
2022-12-03 17:35:02,728 - __main__ - INFO - Token value: 1234
2022-12-03 17:35:03,301 - __main__ - INFO - Weather in Berlin: -0.85
2022-12-03 17:43:33,941 - __main__ - INFO - Token value: 1234
2022-12-03 17:43:34,942 - __main__ - INFO - Weather in Berlin: -0.83
2022-12-03 17:53:31,536 - __main__ - INFO - Token value: 1234
2022-12-03 17:53:32,104 - __main__ - INFO - Weather in Berlin: -0.83
2022-12-03 18:11:38,557 - __main__ - INFO - Token value: 1234
2022-12-03 18:11:39,148 - __main__ - INFO - Weather in Berlin: -0.81
2022-12-03 18:31:38,741 - __main__ - INFO - Token value: 1234
2022-12-03 18:31:38,925 - __main__ - INFO - Weather in Berlin: -0.81
2022-12-03 18:44:28,531 - __main__ - INFO - Token value: 1234
2022-12-03 18:44:28,795 - __main__ - INFO - Weather in Berlin: -0.81
2022-12-03 18:53:49,861 - __main__ - INFO - Token value: 1234
2022-12-03 18:53:50,606 - __main__ - INFO - Weather in Berlin: -0.79
2022-12-03 19:07:49,267 - __main__ - INFO - Token value: 1234
2022-12-03 19:07:49,435 - __main__ - INFO - Weather in Berlin: -0.79
2022-12-03 19:18:20,541 - __main__ - INFO - Token value: 1234
2022-12-03 19:18:20,685 - __main__ - INFO - Weather in Berlin: -0.75
2022-12-03 19:25:58,363 - __main__ - INFO - Token value: 1234
2022-12-03 19:25:58,598 - __main__ - INFO - Weather in Berlin: -0.79
2022-12-03 19:34:05,475 - __main__ - INFO - Token value: 1234
2022-12-03 19:34:05,935 - __main__ - INFO - Weather in Berlin: -0.79
2022-12-03 19:43:22,560 - __main__ - INFO - Token value: 1234
2022-12-03 19:43:23,357 - __main__ - INFO - Weather in Berlin: -0.79
2022-12-03 19:53:40,705 - __main__ - INFO - Token value: 1234
2022-12-03 19:53:40,878 - __main__ - INFO - Weather in Berlin: -0.7
2022-12-03 20:09:38,363 - __main__ - INFO - Token value: 1234
2022-12-03 20:09:38,823 - __main__ - INFO - Weather in Berlin: -0.75
2022-12-03 20:25:01,586 - __main__ - INFO - Token value: 1234
2022-12-03 20:25:02,367 - __main__ - INFO - Weather in Berlin: -0.7
2022-12-03 20:34:11,652 - __main__ - INFO - Token value: 1234
2022-12-03 20:34:12,242 - __main__ - INFO - Weather in Berlin: -0.7
2022-12-03 20:43:24,198 - __main__ - INFO - Token value: 1234
2022-12-03 20:43:24,866 - __main__ - INFO - Weather in Berlin: -0.64
2022-12-03 20:53:37,201 - __main__ - INFO - Token value: 1234
2022-12-03 20:53:37,618 - __main__ - INFO - Weather in Berlin: -0.64
2022-12-03 21:08:43,827 - __main__ - INFO - Token value: 1234
2022-12-03 21:08:44,402 - __main__ - INFO - Weather in Berlin: -0.64
2022-12-03 21:21:13,597 - __main__ - INFO - Token value: 1234
2022-12-03 21:21:13,967 - __main__ - INFO - Weather in Berlin: -0.64
2022-12-03 21:34:16,661 - __main__ - INFO - Token value: 1234
2022-12-03 21:34:17,266 - __main__ - INFO - Weather in Berlin: -0.49
2022-12-03 21:43:28,947 - __main__ - INFO - Token value: 1234
2022-12-03 21:43:29,428 - __main__ - INFO - Weather in Berlin: -0.49
2022-12-03 21:53:31,527 - __main__ - INFO - Token value: 1234
2022-12-03 21:53:32,012 - __main__ - INFO - Weather in Berlin: -0.49
2022-12-04 07:08:33,787 - __main__ - INFO - Token value: 1234
2022-12-04 07:08:34,358 - __main__ - INFO - Weather in Berlin: 0.22
2022-12-04 07:21:16,053 - __main__ - INFO - Token value: 1234
2022-12-04 07:21:16,247 - __main__ - INFO - Weather in Berlin: 0.22
2022-12-04 07:34:04,450 - __main__ - INFO - Token value: 1234
2022-12-04 07:34:05,068 - __main__ - INFO - Weather in Berlin: 0.37
2022-12-04 07:43:26,784 - __main__ - INFO - Token value: 1234
2022-12-04 07:43:27,295 - __main__ - INFO - Weather in Berlin: 0.37
2022-12-04 07:53:29,669 - __main__ - INFO - Token value: 1234
2022-12-04 07:53:30,241 - __main__ - INFO - Weather in Berlin: 0.37
2022-12-04 08:12:12,507 - __main__ - INFO - Token value: 1234
2022-12-04 08:12:13,016 - __main__ - INFO - Weather in Berlin: 0.37
2022-12-04 08:32:22,830 - __main__ - INFO - Token value: 1234
2022-12-04 08:32:22,982 - __main__ - INFO - Weather in Berlin: 0.37
2022-12-04 08:43:48,362 - __main__ - INFO - Token value: 1234
2022-12-04 08:43:49,112 - __main__ - INFO - Weather in Berlin: 0.43
2022-12-04 08:53:40,515 - __main__ - INFO - Token value: 1234
2022-12-04 08:53:41,066 - __main__ - INFO - Weather in Berlin: 0.42
2022-12-04 09:09:31,334 - __main__ - INFO - Token value: 1234
2022-12-04 09:09:31,922 - __main__ - INFO - Weather in Berlin: 0.43
2022-12-04 09:23:17,027 - __main__ - INFO - Token value: 1234
2022-12-04 09:23:17,613 - __main__ - INFO - Weather in Berlin: 0.42
2022-12-04 09:34:13,132 - __main__ - INFO - Token value: 1234
2022-12-04 09:34:13,594 - __main__ - INFO - Weather in Berlin: 0.42
2022-12-04 09:43:32,513 - __main__ - INFO - Token value: 1234
2022-12-04 09:43:33,106 - __main__ - INFO - Weather in Berlin: 0.42
2022-12-04 09:53:33,184 - __main__ - INFO - Token value: 1234
2022-12-04 09:53:33,761 - __main__ - INFO - Weather in Berlin: 0.68
2022-12-04 10:10:24,016 - __main__ - INFO - Token value: 1234
2022-12-04 10:10:24,201 - __main__ - INFO - Weather in Berlin: 0.78
2022-12-04 10:27:22,925 - __main__ - INFO - Token value: 1234
2022-12-04 10:27:23,391 - __main__ - INFO - Weather in Berlin: 0.78
2022-12-04 10:36:34,321 - __main__ - INFO - Token value: 1234
2022-12-04 10:36:34,843 - __main__ - INFO - Weather in Berlin: 1.03
2022-12-04 10:44:19,205 - __main__ - INFO - Token value: 1234
2022-12-04 10:44:19,789 - __main__ - INFO - Weather in Berlin: 0.78
2022-12-04 10:53:44,243 - __main__ - INFO - Token value: 1234
2022-12-04 10:53:44,419 - __main__ - INFO - Weather in Berlin: 1.04
2022-12-04 11:07:53,313 - __main__ - INFO - Token value: 1234
2022-12-04 11:07:53,502 - __main__ - INFO - Weather in Berlin: 1.04
2022-12-04 11:19:51,222 - __main__ - INFO - Token value: 1234
2022-12-04 11:19:51,821 - __main__ - INFO - Weather in Berlin: 1.03
2022-12-04 11:27:30,217 - __main__ - INFO - Token value: 1234
2022-12-04 11:27:30,394 - __main__ - INFO - Weather in Berlin: 1.03
2022-12-04 11:35:22,921 - __main__ - INFO - Token value: 1234
2022-12-04 11:35:23,362 - __main__ - INFO - Weather in Berlin: 1.03
2022-12-04 11:43:51,349 - __main__ - INFO - Token value: 1234
2022-12-04 11:43:52,291 - __main__ - INFO - Weather in Berlin: 1.18
2022-12-04 11:53:27,116 - __main__ - INFO - Token value: 1234
2022-12-04 11:53:27,778 - __main__ - INFO - Weather in Berlin: 1.27
2022-12-04 12:18:09,562 - __main__ - INFO - Token value: 1234
2022-12-04 12:18:10,110 - __main__ - INFO - Weather in Berlin: 1.18
2022-12-04 12:48:41,613 - __main__ - INFO - Token value: 1234
2022-12-04 12:48:41,752 - __main__ - INFO - Weather in Berlin: 1.27
2022-12-04 13:08:46,679 - __main__ - INFO - Token value: 1234
2022-12-04 13:08:47,252 - __main__ - INFO - Weather in Berlin: 1.4
2022-12-04 13:27:36,994 - __main__ - INFO - Token value: 1234
2022-12-04 13:27:37,314 - __main__ - INFO - Weather in Berlin: 1.4
2022-12-04 13:35:55,841 - __main__ - INFO - Token value: 1234
2022-12-04 13:35:56,409 - __main__ - INFO - Weather in Berlin: 1.4
2022-12-04 13:43:37,832 - __main__ - INFO - Token value: 1234
2022-12-04 13:43:38,688 - __main__ - INFO - Weather in Berlin: 1.4
2022-12-04 13:54:22,113 - __main__ - INFO - Token value: 1234
2022-12-04 13:54:22,288 - __main__ - INFO - Weather in Berlin: 1.5
2022-12-04 14:08:45,607 - __main__ - INFO - Token value: 1234
2022-12-04 14:08:46,200 - __main__ - INFO - Weather in Berlin: 1.5
2022-12-04 14:22:29,674 - __main__ - INFO - Token value: 1234
2022-12-04 14:22:30,003 - __main__ - INFO - Weather in Berlin: 1.49
2022-12-04 14:33:56,824 - __main__ - INFO - Token value: 1234
2022-12-04 14:33:57,619 - __main__ - INFO - Weather in Berlin: 1.5
2022-12-04 14:43:41,016 - __main__ - INFO - Token value: 1234
2022-12-04 14:43:41,749 - __main__ - INFO - Weather in Berlin: 1.5
2022-12-04 14:53:20,773 - __main__ - INFO - Token value: 1234
2022-12-04 14:53:21,048 - __main__ - INFO - Weather in Berlin: 1.68
2022-12-04 15:09:28,005 - __main__ - INFO - Token value: 1234
2022-12-04 15:09:28,584 - __main__ - INFO - Weather in Berlin: 1.68
2022-12-04 15:25:09,031 - __main__ - INFO - Token value: 1234
2022-12-04 15:25:09,830 - __main__ - INFO - Weather in Berlin: 1.68
2022-12-04 15:34:08,181 - __main__ - INFO - Token value: 1234
2022-12-04 15:34:08,339 - __main__ - INFO - Weather in Berlin: 1.7
2022-12-04 15:43:24,194 - __main__ - INFO - Token value: 1234
2022-12-04 15:43:24,344 - __main__ - INFO - Weather in Berlin: 1.68
2022-12-04 15:53:23,084 - __main__ - INFO - Token value: 1234
2022-12-04 15:53:23,912 - __main__ - INFO - Weather in Berlin: 1.7
2022-12-04 16:12:39,461 - __main__ - INFO - Token value: 1234
2022-12-04 16:12:39,614 - __main__ - INFO - Weather in Berlin: 1.82
2022-12-04 16:38:24,595 - __main__ - INFO - Token value: 1234
2022-12-04 16:38:25,184 - __main__ - INFO - Weather in Berlin: 1.82
2022-12-04 16:50:15,059 - __main__ - INFO - Token value: 1234
2022-12-04 16:50:15,248 - __main__ - INFO - Weather in Berlin: 1.82
2022-12-04 16:58:17,567 - __main__ - INFO - Token value: 1234
2022-12-04 16:58:18,067 - __main__ - INFO - Weather in Berlin: 1.82
2022-12-04 17:13:28,852 - __main__ - INFO - Token value: 1234
2022-12-04 17:13:29,002 - __main__ - INFO - Weather in Berlin: 1.83
2022-12-04 17:27:39,092 - __main__ - INFO - Token value: 1234
2022-12-04 17:27:39,665 - __main__ - INFO - Weather in Berlin: 1.83
2022-12-04 17:35:33,844 - __main__ - INFO - Token value: 1234
2022-12-04 17:35:39,439 - __main__ - INFO - Weather in Berlin: 1.83
2022-12-04 17:43:39,008 - __main__ - INFO - Token value: 1234
2022-12-04 17:43:39,583 - __main__ - INFO - Weather in Berlin: 1.83
2022-12-04 17:53:23,170 - __main__ - INFO - Token value: 1234
2022-12-04 17:53:23,749 - __main__ - INFO - Weather in Berlin: 1.93
2022-12-04 18:11:11,994 - __main__ - INFO - Token value: 1234
2022-12-04 18:11:12,716 - __main__ - INFO - Weather in Berlin: 1.98
2022-12-04 18:31:32,204 - __main__ - INFO - Token value: 1234
2022-12-04 18:31:32,845 - __main__ - INFO - Weather in Berlin: 2.14
2022-12-04 18:43:53,574 - __main__ - INFO - Token value: 1234
2022-12-04 18:43:54,212 - __main__ - INFO - Weather in Berlin: 1.98
2022-12-04 18:53:44,390 - __main__ - INFO - Token value: 1234
2022-12-04 18:53:44,986 - __main__ - INFO - Weather in Berlin: 2.14
2022-12-04 19:08:11,203 - __main__ - INFO - Token value: 1234
2022-12-04 19:08:11,467 - __main__ - INFO - Weather in Berlin: 2.09
2022-12-04 19:18:39,633 - __main__ - INFO - Token value: 1234
2022-12-04 19:18:40,206 - __main__ - INFO - Weather in Berlin: 2.14
2022-12-04 19:26:27,517 - __main__ - INFO - Token value: 1234
2022-12-04 19:26:28,243 - __main__ - INFO - Weather in Berlin: 2.09
2022-12-04 19:34:09,110 - __main__ - INFO - Token value: 1234
2022-12-04 19:34:09,432 - __main__ - INFO - Weather in Berlin: 2.09
2022-12-04 19:43:31,781 - __main__ - INFO - Token value: 1234
2022-12-04 19:43:32,391 - __main__ - INFO - Weather in Berlin: 2.24
2022-12-04 19:53:30,695 - __main__ - INFO - Token value: 1234
2022-12-04 19:53:31,175 - __main__ - INFO - Weather in Berlin: 2.09
2022-12-04 20:10:12,790 - __main__ - INFO - Token value: 1234
2022-12-04 20:10:13,319 - __main__ - INFO - Weather in Berlin: 2.22
2022-12-04 20:25:55,948 - __main__ - INFO - Token value: 1234
2022-12-04 20:25:56,533 - __main__ - INFO - Weather in Berlin: 2.22
2022-12-04 20:33:51,047 - __main__ - INFO - Token value: 1234
2022-12-04 20:33:51,500 - __main__ - INFO - Weather in Berlin: 2.22
2022-12-04 20:43:23,455 - __main__ - INFO - Token value: 1234
2022-12-04 20:43:24,301 - __main__ - INFO - Weather in Berlin: 2.22
2022-12-04 20:53:16,798 - __main__ - INFO - Token value: 1234
2022-12-04 20:53:16,957 - __main__ - INFO - Weather in Berlin: 2.33
2022-12-04 21:09:16,691 - __main__ - INFO - Token value: 1234
2022-12-04 21:09:17,124 - __main__ - INFO - Weather in Berlin: 2.49
2022-12-04 21:22:07,669 - __main__ - INFO - Token value: 1234
2022-12-04 21:22:08,246 - __main__ - INFO - Weather in Berlin: 2.33
2022-12-04 21:34:16,877 - __main__ - INFO - Token value: 1234
2022-12-04 21:34:17,513 - __main__ - INFO - Weather in Berlin: 2.33
2022-12-04 21:43:24,801 - __main__ - INFO - Token value: 1234
2022-12-04 21:43:24,999 - __main__ - INFO - Weather in Berlin: 2.49
2022-12-04 21:53:20,857 - __main__ - INFO - Token value: 1234
2022-12-04 21:53:21,427 - __main__ - INFO - Weather in Berlin: 2.49
2022-12-05 07:10:04,283 - __main__ - INFO - Token value: 1234
2022-12-05 07:10:04,665 - __main__ - INFO - Weather in Berlin: 2.9
2022-12-05 07:23:56,495 - __main__ - INFO - Token value: 1234
2022-12-05 07:23:56,687 - __main__ - INFO - Weather in Berlin: 2.92
2022-12-05 07:34:29,083 - __main__ - INFO - Token value: 1234
2022-12-05 07:34:29,581 - __main__ - INFO - Weather in Berlin: 2.92
2022-12-05 07:43:45,635 - __main__ - INFO - Token value: 1234
2022-12-05 07:43:46,157 - __main__ - INFO - Weather in Berlin: 2.92
2022-12-05 07:53:54,572 - __main__ - INFO - Token value: 1234
2022-12-05 07:53:55,075 - __main__ - INFO - Weather in Berlin: 2.92
2022-12-05 08:13:38,034 - __main__ - INFO - Token value: 1234
2022-12-05 08:13:38,229 - __main__ - INFO - Weather in Berlin: 2.92
2022-12-05 08:34:16,866 - __main__ - INFO - Token value: 1234
2022-12-05 08:34:17,210 - __main__ - INFO - Weather in Berlin: 2.94
2022-12-05 08:45:47,117 - __main__ - INFO - Token value: 1234
2022-12-05 08:45:47,751 - __main__ - INFO - Weather in Berlin: 2.94
2022-12-05 08:53:37,075 - __main__ - INFO - Token value: 1234
2022-12-05 08:53:37,676 - __main__ - INFO - Weather in Berlin: 2.89
2022-12-05 09:10:31,094 - __main__ - INFO - Token value: 1234
2022-12-05 09:10:31,716 - __main__ - INFO - Weather in Berlin: 2.89
2022-12-05 09:26:06,219 - __main__ - INFO - Token value: 1234
2022-12-05 09:26:06,976 - __main__ - INFO - Weather in Berlin: 2.9
2022-12-05 09:34:35,934 - __main__ - INFO - Token value: 1234
2022-12-05 09:34:36,689 - __main__ - INFO - Weather in Berlin: 2.9
2022-12-05 09:43:34,598 - __main__ - INFO - Token value: 1234
2022-12-05 09:43:35,213 - __main__ - INFO - Weather in Berlin: 2.9
2022-12-05 09:53:44,756 - __main__ - INFO - Token value: 1234
2022-12-05 09:53:44,910 - __main__ - INFO - Weather in Berlin: 2.9
2022-12-05 10:11:28,497 - __main__ - INFO - Token value: 1234
2022-12-05 10:11:28,887 - __main__ - INFO - Weather in Berlin: 2.9
2022-12-05 10:32:04,304 - __main__ - INFO - Token value: 1234
2022-12-05 10:32:04,778 - __main__ - INFO - Weather in Berlin: 2.9
2022-12-05 10:43:32,990 - __main__ - INFO - Token value: 1234
2022-12-05 10:43:33,543 - __main__ - INFO - Weather in Berlin: 2.9
2022-12-05 10:53:32,135 - __main__ - INFO - Token value: 1234
2022-12-05 10:53:32,771 - __main__ - INFO - Weather in Berlin: 2.9
2022-12-05 11:08:31,948 - __main__ - INFO - Token value: 1234
2022-12-05 11:08:35,532 - __main__ - INFO - Weather in Berlin: 2.9
2022-12-05 11:21:11,919 - __main__ - INFO - Token value: 1234
2022-12-05 11:21:12,108 - __main__ - INFO - Weather in Berlin: 2.9
2022-12-05 11:34:21,666 - __main__ - INFO - Token value: 1234
2022-12-05 11:34:22,225 - __main__ - INFO - Weather in Berlin: 3.03
2022-12-05 11:43:31,778 - __main__ - INFO - Token value: 1234
2022-12-05 11:43:32,641 - __main__ - INFO - Weather in Berlin: 3.05
2022-12-05 11:53:32,108 - __main__ - INFO - Token value: 1234
2022-12-05 11:53:32,792 - __main__ - INFO - Weather in Berlin: 3.03
2022-12-05 12:18:59,148 - __main__ - INFO - Token value: 1234
2022-12-05 12:18:59,788 - __main__ - INFO - Weather in Berlin: 3.03
2022-12-05 12:52:03,627 - __main__ - INFO - Token value: 1234
2022-12-05 12:52:03,770 - __main__ - INFO - Weather in Berlin: 3.38
2022-12-05 13:19:03,631 - __main__ - INFO - Token value: 1234
2022-12-05 13:19:04,202 - __main__ - INFO - Weather in Berlin: 3.38
2022-12-05 13:34:35,867 - __main__ - INFO - Token value: 1234
2022-12-05 13:34:36,004 - __main__ - INFO - Weather in Berlin: 3.3
2022-12-05 13:43:25,639 - __main__ - INFO - Token value: 1234
2022-12-05 13:43:26,751 - __main__ - INFO - Weather in Berlin: 3.38
2022-12-05 13:53:26,122 - __main__ - INFO - Token value: 1234
2022-12-05 13:53:26,305 - __main__ - INFO - Weather in Berlin: 3.38
2022-12-05 14:09:43,434 - __main__ - INFO - Token value: 1234
2022-12-05 14:09:44,029 - __main__ - INFO - Weather in Berlin: 3.38
2022-12-05 14:25:07,986 - __main__ - INFO - Token value: 1234
2022-12-05 14:25:08,188 - __main__ - INFO - Weather in Berlin: 3.38
2022-12-05 14:34:38,022 - __main__ - INFO - Token value: 1234
2022-12-05 14:34:38,212 - __main__ - INFO - Weather in Berlin: 3.38
2022-12-05 14:43:23,114 - __main__ - INFO - Token value: 1234
2022-12-05 14:43:23,888 - __main__ - INFO - Weather in Berlin: 3.38
2022-12-05 14:53:37,706 - __main__ - INFO - Token value: 1234
2022-12-05 14:53:38,172 - __main__ - INFO - Weather in Berlin: 3.46
2022-12-05 15:10:50,654 - __main__ - INFO - Token value: 1234
2022-12-05 15:10:51,460 - __main__ - INFO - Weather in Berlin: 3.54
2022-12-05 15:30:27,851 - __main__ - INFO - Token value: 1234
2022-12-05 15:30:27,998 - __main__ - INFO - Weather in Berlin: 3.54
2022-12-05 15:40:46,424 - __main__ - INFO - Token value: 1234
2022-12-05 15:40:46,580 - __main__ - INFO - Weather in Berlin: 3.54
2022-12-05 15:48:17,641 - __main__ - INFO - Token value: 1234
2022-12-05 15:48:18,276 - __main__ - INFO - Weather in Berlin: 3.78
2022-12-05 15:56:06,277 - __main__ - INFO - Token value: 1234
2022-12-05 15:56:06,838 - __main__ - INFO - Weather in Berlin: 3.78
2022-12-05 16:13:35,591 - __main__ - INFO - Token value: 1234
2022-12-05 16:13:36,049 - __main__ - INFO - Weather in Berlin: 3.78
2022-12-05 16:41:24,778 - __main__ - INFO - Token value: 1234
2022-12-05 16:41:25,095 - __main__ - INFO - Weather in Berlin: 3.78
2022-12-05 16:56:09,471 - __main__ - INFO - Token value: 1234
2022-12-05 16:56:10,112 - __main__ - INFO - Weather in Berlin: 3.72
2022-12-05 17:09:53,085 - __main__ - INFO - Token value: 1234
2022-12-05 17:09:53,281 - __main__ - INFO - Weather in Berlin: 3.72
2022-12-05 17:25:51,123 - __main__ - INFO - Token value: 1234
2022-12-05 17:25:51,775 - __main__ - INFO - Weather in Berlin: 3.72
2022-12-05 17:34:31,688 - __main__ - INFO - Token value: 1234
2022-12-05 17:34:32,276 - __main__ - INFO - Weather in Berlin: 3.72
2022-12-05 17:43:37,562 - __main__ - INFO - Token value: 1234
2022-12-05 17:43:37,764 - __main__ - INFO - Weather in Berlin: 3.77
2022-12-05 17:53:21,014 - __main__ - INFO - Token value: 1234
2022-12-05 17:53:21,452 - __main__ - INFO - Weather in Berlin: 3.86
2022-12-05 18:12:27,835 - __main__ - INFO - Token value: 1234
2022-12-05 18:12:28,480 - __main__ - INFO - Weather in Berlin: 3.86
2022-12-05 18:33:12,318 - __main__ - INFO - Token value: 1234
2022-12-05 18:33:12,460 - __main__ - INFO - Weather in Berlin: 3.86
2022-12-05 18:45:23,466 - __main__ - INFO - Token value: 1234
2022-12-05 18:45:24,050 - __main__ - INFO - Weather in Berlin: 3.86
2022-12-05 18:53:38,052 - __main__ - INFO - Token value: 1234
2022-12-05 18:53:38,617 - __main__ - INFO - Weather in Berlin: 3.86
2022-12-05 19:08:32,372 - __main__ - INFO - Token value: 1234
2022-12-05 19:08:32,522 - __main__ - INFO - Weather in Berlin: 3.86
2022-12-05 19:19:32,597 - __main__ - INFO - Token value: 1234
2022-12-05 19:19:32,936 - __main__ - INFO - Weather in Berlin: 3.94
2022-12-05 19:27:25,152 - __main__ - INFO - Token value: 1234
2022-12-05 19:27:25,705 - __main__ - INFO - Weather in Berlin: 3.87
2022-12-05 19:35:39,136 - __main__ - INFO - Token value: 1234
2022-12-05 19:35:39,806 - __main__ - INFO - Weather in Berlin: 3.94
2022-12-05 19:43:33,352 - __main__ - INFO - Token value: 1234
2022-12-05 19:43:33,822 - __main__ - INFO - Weather in Berlin: 3.87
2022-12-05 19:53:27,932 - __main__ - INFO - Token value: 1234
2022-12-05 19:53:28,119 - __main__ - INFO - Weather in Berlin: 3.94
2022-12-05 20:10:31,004 - __main__ - INFO - Token value: 1234
2022-12-05 20:10:31,146 - __main__ - INFO - Weather in Berlin: 3.99
2022-12-05 20:26:58,575 - __main__ - INFO - Token value: 1234
2022-12-05 20:26:59,047 - __main__ - INFO - Weather in Berlin: 3.99
2022-12-05 20:36:03,458 - __main__ - INFO - Token value: 1234
2022-12-05 20:36:04,182 - __main__ - INFO - Weather in Berlin: 3.92
2022-12-05 20:43:32,403 - __main__ - INFO - Token value: 1234
2022-12-05 20:43:33,362 - __main__ - INFO - Weather in Berlin: 3.99
2022-12-05 20:53:32,026 - __main__ - INFO - Token value: 1234
2022-12-05 20:53:32,481 - __main__ - INFO - Weather in Berlin: 3.92
2022-12-05 21:09:17,854 - __main__ - INFO - Token value: 1234
2022-12-05 21:09:18,253 - __main__ - INFO - Weather in Berlin: 3.92
2022-12-05 21:22:45,335 - __main__ - INFO - Token value: 1234
2022-12-05 21:22:45,571 - __main__ - INFO - Weather in Berlin: 3.78
2022-12-05 21:34:38,716 - __main__ - INFO - Token value: 1234
2022-12-05 21:34:39,284 - __main__ - INFO - Weather in Berlin: 3.78
2022-12-05 21:43:26,097 - __main__ - INFO - Token value: 1234
2022-12-05 21:43:26,293 - __main__ - INFO - Weather in Berlin: 3.49
2022-12-05 21:53:26,820 - __main__ - INFO - Token value: 1234
2022-12-05 21:53:26,979 - __main__ - INFO - Weather in Berlin: 3.49
2022-12-06 07:09:44,386 - __main__ - INFO - Token value: 1234
2022-12-06 07:09:45,105 - __main__ - INFO - Weather in Berlin: 2.04
2022-12-06 07:23:02,529 - __main__ - INFO - Token value: 1234
2022-12-06 07:23:03,475 - __main__ - INFO - Weather in Berlin: 2.04
2022-12-06 07:33:56,054 - __main__ - INFO - Token value: 1234
2022-12-06 07:33:56,522 - __main__ - INFO - Weather in Berlin: 2.04
2022-12-06 07:43:23,942 - __main__ - INFO - Token value: 1234
2022-12-06 07:43:24,349 - __main__ - INFO - Weather in Berlin: 1.9
2022-12-06 07:53:32,177 - __main__ - INFO - Token value: 1234
2022-12-06 07:53:32,339 - __main__ - INFO - Weather in Berlin: 1.9
2022-12-06 08:13:14,793 - __main__ - INFO - Token value: 1234
2022-12-06 08:13:14,981 - __main__ - INFO - Weather in Berlin: 1.9
2022-12-06 08:33:40,603 - __main__ - INFO - Token value: 1234
2022-12-06 08:33:40,739 - __main__ - INFO - Weather in Berlin: 1.9
2022-12-06 08:45:25,656 - __main__ - INFO - Token value: 1234
2022-12-06 08:45:26,234 - __main__ - INFO - Weather in Berlin: 2.12
2022-12-06 08:53:28,995 - __main__ - INFO - Token value: 1234
2022-12-06 08:53:29,436 - __main__ - INFO - Weather in Berlin: 2.12
2022-12-06 09:09:59,669 - __main__ - INFO - Token value: 1234
2022-12-06 09:10:00,308 - __main__ - INFO - Weather in Berlin: 2.12
2022-12-06 09:25:08,991 - __main__ - INFO - Token value: 1234
2022-12-06 09:25:09,429 - __main__ - INFO - Weather in Berlin: 2.12
2022-12-06 09:34:16,672 - __main__ - INFO - Token value: 1234
2022-12-06 09:34:16,848 - __main__ - INFO - Weather in Berlin: 2.12
2022-12-06 09:43:36,128 - __main__ - INFO - Token value: 1234
2022-12-06 09:43:36,333 - __main__ - INFO - Weather in Berlin: 2.12
2022-12-06 09:53:28,835 - __main__ - INFO - Token value: 1234
2022-12-06 09:53:29,509 - __main__ - INFO - Weather in Berlin: 2.29
2022-12-06 10:10:45,406 - __main__ - INFO - Token value: 1234
2022-12-06 10:10:45,739 - __main__ - INFO - Weather in Berlin: 2.29
2022-12-06 10:29:02,444 - __main__ - INFO - Token value: 1234
2022-12-06 10:29:03,026 - __main__ - INFO - Weather in Berlin: 2.29
2022-12-06 10:39:16,978 - __main__ - INFO - Token value: 1234
2022-12-06 10:39:17,364 - __main__ - INFO - Weather in Berlin: 2.29
2022-12-06 10:47:04,857 - __main__ - INFO - Token value: 1234
2022-12-06 10:47:05,127 - __main__ - INFO - Weather in Berlin: 2.48
2022-12-06 10:54:37,679 - __main__ - INFO - Token value: 1234
2022-12-06 10:54:38,531 - __main__ - INFO - Weather in Berlin: 2.48
2022-12-06 11:08:35,058 - __main__ - INFO - Token value: 1234
2022-12-06 11:08:35,239 - __main__ - INFO - Weather in Berlin: 2.48
2022-12-06 11:21:30,097 - __main__ - INFO - Token value: 1234
2022-12-06 11:21:30,774 - __main__ - INFO - Weather in Berlin: 2.48
2022-12-06 11:33:59,463 - __main__ - INFO - Token value: 1234
2022-12-06 11:34:00,307 - __main__ - INFO - Weather in Berlin: 2.48
2022-12-06 11:43:27,430 - __main__ - INFO - Token value: 1234
2022-12-06 11:43:28,013 - __main__ - INFO - Weather in Berlin: 2.48
2022-12-06 11:53:25,203 - __main__ - INFO - Token value: 1234
2022-12-06 11:53:25,390 - __main__ - INFO - Weather in Berlin: 2.46
2022-12-06 12:19:22,186 - __main__ - INFO - Token value: 1234
2022-12-06 12:19:22,748 - __main__ - INFO - Weather in Berlin: 2.46
2022-12-06 12:55:03,815 - __main__ - INFO - Token value: 1234
2022-12-06 12:55:04,389 - __main__ - INFO - Weather in Berlin: 2.46
2022-12-06 13:20:42,476 - __main__ - INFO - Token value: 1234
2022-12-06 13:20:43,197 - __main__ - INFO - Weather in Berlin: 2.63
2022-12-06 13:37:13,211 - __main__ - INFO - Token value: 1234
2022-12-06 13:37:13,828 - __main__ - INFO - Weather in Berlin: 2.63
2022-12-06 13:44:40,807 - __main__ - INFO - Token value: 1234
2022-12-06 13:44:45,798 - __main__ - INFO - Weather in Berlin: 2.63
2022-12-06 13:53:55,775 - __main__ - INFO - Token value: 1234
2022-12-06 13:53:56,412 - __main__ - INFO - Weather in Berlin: 2.63
2022-12-06 14:09:33,991 - __main__ - INFO - Token value: 1234
2022-12-06 14:09:34,151 - __main__ - INFO - Weather in Berlin: 2.59
2022-12-06 14:30:01,448 - __main__ - INFO - Token value: 1234
2022-12-06 14:30:02,038 - __main__ - INFO - Weather in Berlin: 2.59
2022-12-06 14:34:48,346 - __main__ - INFO - Token value: 1234
2022-12-06 14:34:48,487 - __main__ - INFO - Weather in Berlin: 2.59
2022-12-06 14:43:40,763 - __main__ - INFO - Token value: 1234
2022-12-06 14:43:41,363 - __main__ - INFO - Weather in Berlin: 2.59
2022-12-06 14:53:36,339 - __main__ - INFO - Token value: 1234
2022-12-06 14:53:36,723 - __main__ - INFO - Weather in Berlin: 2.59
2022-12-06 15:10:29,411 - __main__ - INFO - Token value: 1234
2022-12-06 15:10:30,323 - __main__ - INFO - Weather in Berlin: 2.49
2022-12-06 15:27:47,730 - __main__ - INFO - Token value: 1234
2022-12-06 15:27:47,924 - __main__ - INFO - Weather in Berlin: 2.55
2022-12-06 15:37:40,917 - __main__ - INFO - Token value: 1234
2022-12-06 15:37:41,387 - __main__ - INFO - Weather in Berlin: 2.55
2022-12-06 15:45:19,392 - __main__ - INFO - Token value: 1234
2022-12-06 15:45:19,966 - __main__ - INFO - Weather in Berlin: 2.55
2022-12-06 15:53:38,197 - __main__ - INFO - Token value: 1234
2022-12-06 15:53:38,670 - __main__ - INFO - Weather in Berlin: 2.55
2022-12-06 16:14:02,745 - __main__ - INFO - Token value: 1234
2022-12-06 16:14:03,671 - __main__ - INFO - Weather in Berlin: 2.39
2022-12-06 16:41:53,765 - __main__ - INFO - Token value: 1234
2022-12-06 16:41:54,362 - __main__ - INFO - Weather in Berlin: 2.4
2022-12-06 16:56:17,484 - __main__ - INFO - Token value: 1234
2022-12-06 16:56:17,645 - __main__ - INFO - Weather in Berlin: 2.4
2022-12-06 17:09:49,531 - __main__ - INFO - Token value: 1234
2022-12-06 17:09:50,194 - __main__ - INFO - Weather in Berlin: 2.48
2022-12-06 17:25:41,047 - __main__ - INFO - Token value: 1234
2022-12-06 17:25:41,274 - __main__ - INFO - Weather in Berlin: 2.56
2022-12-06 17:34:39,670 - __main__ - INFO - Token value: 1234
2022-12-06 17:34:40,646 - __main__ - INFO - Weather in Berlin: 2.48
2022-12-06 17:43:35,623 - __main__ - INFO - Token value: 1234
2022-12-06 17:43:36,098 - __main__ - INFO - Weather in Berlin: 2.56
2022-12-06 17:53:35,569 - __main__ - INFO - Token value: 1234
2022-12-06 17:53:36,169 - __main__ - INFO - Weather in Berlin: 2.48
2022-12-06 18:13:01,950 - __main__ - INFO - Token value: 1234
2022-12-06 18:13:02,131 - __main__ - INFO - Weather in Berlin: 2.74
2022-12-06 18:33:20,950 - __main__ - INFO - Token value: 1234
2022-12-06 18:33:21,426 - __main__ - INFO - Weather in Berlin: 2.74
2022-12-06 18:45:13,752 - __main__ - INFO - Token value: 1234
2022-12-06 18:45:14,219 - __main__ - INFO - Weather in Berlin: 2.74
2022-12-06 18:53:19,452 - __main__ - INFO - Token value: 1234
2022-12-06 18:53:19,950 - __main__ - INFO - Weather in Berlin: 2.74
2022-12-06 19:08:22,598 - __main__ - INFO - Token value: 1234
2022-12-06 19:08:23,033 - __main__ - INFO - Weather in Berlin: 2.77
